<?xml version="1.0" encoding="UTF-8"?>
<!-- Generated by org.testng.reporters.JUnitXMLReporter -->
<testsuite ignored="0" hostname="DESKTOP-OET529O" failures="0" tests="6" name="Default test" time="75.394" errors="0" timestamp="2024-12-20T21:10:12 IST">
  <testcase classname="testCases.Swag_Lab_Login_Test_Case" name="LoginTest" time="11.158"/>
  <testcase classname="testCases.Swag_Lab_Login_Test_Case" name="LoginTest" time="10.084"/>
  <testcase classname="testCases.Swag_Lab_Login_Test_Case" name="LoginTest" time="9.676"/>
  <testcase classname="testCases.Swag_Lab_Login_Test_Case" name="LoginTest" time="9.636"/>
  <testcase classname="testCases.Swag_Lab_Login_Test_Case" name="LoginTest" time="9.6"/>
  <testcase classname="testCases.Swag_Lab_Login_Test_Case" name="LoginTest" time="9.656"/>
</testsuite> <!-- Default test -->
