<?xml version="1.0" encoding="UTF-8"?>
<!-- Generated by org.testng.reporters.JUnitXMLReporter -->
<testsuite ignored="0" hostname="DESKTOP-OET529O" failures="0" tests="6" name="Test" time="81.449" errors="0" timestamp="2024-12-25T19:50:55 IST">
  <testcase classname="testCases.Swag_Lab_Login_Test_Case" name="LoginTest" time="10.996"/>
  <testcase classname="testCases.Swag_Lab_Login_Test_Case" name="LoginTest" time="9.771"/>
  <testcase classname="testCases.Swag_Lab_Login_Test_Case" name="LoginTest" time="9.579"/>
  <testcase classname="testCases.Swag_Lab_Login_Test_Case" name="LoginTest" time="9.909"/>
  <testcase classname="testCases.Swag_Lab_Login_Test_Case" name="LoginTest" time="11.246"/>
  <testcase classname="testCases.Swag_Lab_Login_Test_Case" name="LoginTest" time="10.24"/>
</testsuite> <!-- Test -->
