<?xml version="1.0" encoding="UTF-8"?>
<testng-results ignored="0" total="6" passed="6" failed="0" skipped="0">
  <reporter-output>
  </reporter-output>
  <suite started-at="2024-12-25T19:49:33 IST" name="Suite" finished-at="2024-12-25T19:50:55 IST" duration-ms="81449">
    <groups>
    </groups>
    <test started-at="2024-12-25T19:49:33 IST" name="Test" finished-at="2024-12-25T19:50:55 IST" duration-ms="81449">
      <class name="testCases.Swag_Lab_Login_Test_Case">
        <test-method is-config="true" signature="SetUp()[pri:0, instance:testCases.Swag_Lab_Login_Test_Case@28e8dde3]" started-at="2024-12-25T19:49:33 IST" name="SetUp" finished-at="2024-12-25T19:49:40 IST" duration-ms="6477" status="PASS">
          <reporter-output>
          </reporter-output>
        </test-method> <!-- SetUp -->
        <test-method signature="LoginTest(java.lang.String,java.lang.String)[pri:0, instance:testCases.Swag_Lab_Login_Test_Case@28e8dde3]" started-at="2024-12-25T19:49:43 IST" name="LoginTest" data-provider="LoginData" finished-at="2024-12-25T19:49:54 IST" duration-ms="10996" status="PASS">
          <params>
            <param index="0">
              <value>
                <![CDATA[standard_user12]]>
              </value>
            </param>
            <param index="1">
              <value>
                <![CDATA[secret_sauce]]>
              </value>
            </param>
          </params>
          <reporter-output>
          </reporter-output>
        </test-method> <!-- LoginTest -->
        <test-method signature="LoginTest(java.lang.String,java.lang.String)[pri:0, instance:testCases.Swag_Lab_Login_Test_Case@28e8dde3]" started-at="2024-12-25T19:49:54 IST" name="LoginTest" data-provider="LoginData" finished-at="2024-12-25T19:50:03 IST" duration-ms="9771" status="PASS">
          <params>
            <param index="0">
              <value>
                <![CDATA[standard_user123]]>
              </value>
            </param>
            <param index="1">
              <value>
                <![CDATA[secret_sauce]]>
              </value>
            </param>
          </params>
          <reporter-output>
          </reporter-output>
        </test-method> <!-- LoginTest -->
        <test-method signature="LoginTest(java.lang.String,java.lang.String)[pri:0, instance:testCases.Swag_Lab_Login_Test_Case@28e8dde3]" started-at="2024-12-25T19:50:03 IST" name="LoginTest" data-provider="LoginData" finished-at="2024-12-25T19:50:13 IST" duration-ms="9579" status="PASS">
          <params>
            <param index="0">
              <value>
                <![CDATA[standard_user1234]]>
              </value>
            </param>
            <param index="1">
              <value>
                <![CDATA[secret_sauce]]>
              </value>
            </param>
          </params>
          <reporter-output>
          </reporter-output>
        </test-method> <!-- LoginTest -->
        <test-method signature="LoginTest(java.lang.String,java.lang.String)[pri:0, instance:testCases.Swag_Lab_Login_Test_Case@28e8dde3]" started-at="2024-12-25T19:50:13 IST" name="LoginTest" data-provider="LoginData" finished-at="2024-12-25T19:50:23 IST" duration-ms="9909" status="PASS">
          <params>
            <param index="0">
              <value>
                <![CDATA[secret_sauce12345]]>
              </value>
            </param>
            <param index="1">
              <value>
                <![CDATA[secret_sauce]]>
              </value>
            </param>
          </params>
          <reporter-output>
          </reporter-output>
        </test-method> <!-- LoginTest -->
        <test-method signature="LoginTest(java.lang.String,java.lang.String)[pri:0, instance:testCases.Swag_Lab_Login_Test_Case@28e8dde3]" started-at="2024-12-25T19:50:23 IST" name="LoginTest" data-provider="LoginData" finished-at="2024-12-25T19:50:34 IST" duration-ms="11246" status="PASS">
          <params>
            <param index="0">
              <value>
                <![CDATA[secret_sauce12345]]>
              </value>
            </param>
            <param index="1">
              <value>
                <![CDATA[secret_sauce]]>
              </value>
            </param>
          </params>
          <reporter-output>
          </reporter-output>
        </test-method> <!-- LoginTest -->
        <test-method signature="LoginTest(java.lang.String,java.lang.String)[pri:0, instance:testCases.Swag_Lab_Login_Test_Case@28e8dde3]" started-at="2024-12-25T19:50:34 IST" name="LoginTest" data-provider="LoginData" finished-at="2024-12-25T19:50:44 IST" duration-ms="10240" status="PASS">
          <params>
            <param index="0">
              <value>
                <![CDATA[standard_user]]>
              </value>
            </param>
            <param index="1">
              <value>
                <![CDATA[secret_sauce]]>
              </value>
            </param>
          </params>
          <reporter-output>
          </reporter-output>
        </test-method> <!-- LoginTest -->
        <test-method is-config="true" signature="close_the_app()[pri:0, instance:testCases.Swag_Lab_Login_Test_Case@28e8dde3]" started-at="2024-12-25T19:50:44 IST" name="close_the_app" finished-at="2024-12-25T19:50:55 IST" duration-ms="10308" status="PASS">
          <reporter-output>
          </reporter-output>
        </test-method> <!-- close_the_app -->
      </class> <!-- testCases.Swag_Lab_Login_Test_Case -->
    </test> <!-- Test -->
  </suite> <!-- Suite -->
</testng-results>
